<?xml version="1.0" encoding="UTF-8"?>
<!-- Generated by org.testng.reporters.JUnitReportReporter -->
<testsuite hostname="Lenovo-PC" name="com.bbbfeo.sanity.testcases.LoginTestcase" tests="1" failures="0" timestamp="28 Jan 2018 17:07:07 GMT" time="13.527" errors="0">
  <testcase name="LoginTC" time="13.527" classname="com.bbbfeo.sanity.testcases.LoginTestcase"/>
</testsuite> <!-- com.bbbfeo.sanity.testcases.LoginTestcase -->
